<?xml version="1.0" encoding="UTF-8"?>
<!-- Generated by org.testng.reporters.JUnitReportReporter -->
<testsuite hostname="Arjunan" name="com.vmetry.ntl.testcases.HomePageTest" tests="4" failures="0" timestamp="1 Oct 2016 06:52:14 GMT" time="47.477" errors="0">
  <testcase name="testHomePage" time="7.337" classname="com.vmetry.ntl.testcases.HomePageTest"/>
  <testcase name="testHomePage" time="20.294" classname="com.vmetry.ntl.testcases.HomePageTest"/>
  <testcase name="testHomePage" time="8.780" classname="com.vmetry.ntl.testcases.HomePageTest"/>
  <testcase name="testHomePage" time="11.066" classname="com.vmetry.ntl.testcases.HomePageTest"/>
</testsuite> <!-- com.vmetry.ntl.testcases.HomePageTest -->
