<?xml version="1.0" encoding="UTF-8"?>
<!-- Generated by org.testng.reporters.JUnitReportReporter -->
<testsuite hostname="Arjunan" name="com.vmetry.ntl.utils.Reportgenerator" tests="1" failures="0" timestamp="3 Sep 2016 07:07:44 GMT" time="0.750" errors="0">
  <testcase name="archivefiles" time="0.750" classname="com.vmetry.ntl.utils.Reportgenerator"/>
</testsuite> <!-- com.vmetry.ntl.utils.Reportgenerator -->
